/Users/velocityworks/Library/Python/3.9/lib/python/site-packages/scipy/stats/_qmc.py:958: UserWarning: The balance properties of Sobol' points require n to be a power of 2.
  sample = self._random(n, workers=workers)
================================================================================
EXACT PR#20 REPLICATION ON RSA CHALLENGES
================================================================================

Configuration (matches PR#20 exactly):
  - 100,000 candidates via QMC/Sobol
  - ±13% search window
  - Top 10,000 (10%) analyzed
  - Separate p and q enrichment at ±1%


================================================================================
Testing: RSA-100 (PR#20 Exact Methodology)
================================================================================
√N = 39020571855401265512289573339484371018905006900194
p = 37975227936943673922808872755445627854565536638199
q = 40094690950920881030683735292761468389214899724061
p offset: -2.6790%
q offset: 2.7527%
q is FARTHER from √N (|2.75%| > |-2.68%|)
p in ±13% window: True
q in ±13% window: True

Generating 100,000 candidates via QMC...
Generated 100,000 in 0.09s
Scoring...
  10,000/100,000 (13405 cand/sec)
  20,000/100,000 (13431 cand/sec)
  30,000/100,000 (13446 cand/sec)
  40,000/100,000 (13452 cand/sec)
  50,000/100,000 (13459 cand/sec)
  60,000/100,000 (13422 cand/sec)
  70,000/100,000 (13334 cand/sec)
  80,000/100,000 (13271 cand/sec)
  90,000/100,000 (13271 cand/sec)
  100,000/100,000 (13222 cand/sec)
Scored 100,000 in 7.56s

================================================================================
RESULTS (±1% threshold)
================================================================================

Baseline (all 100K):
  Near p: 2.0000%
  Near q: 2.0010%

Top 10K Z5D-scored:
  Near p: 0.0000%
  Near q: 0.0000%

Enrichment:
  p: 0.00×
  q: 0.00×

Result: ✗ NO SIGNAL

================================================================================
Testing: RSA-110 (PR#20 Exact Methodology)
================================================================================
√N = 5982828275968304004100317854118230313685793843723609073
p = 6122421090493547576937037317561418841225758554253106999
q = 5846418214406154678836553182979162384198610505601062333
p offset: 2.3332%
q offset: -2.2800%
p is FARTHER from √N (|2.33%| > |-2.28%|)
p in ±13% window: True
q in ±13% window: True

Generating 100,000 candidates via QMC...
Generated 100,000 in 0.09s
Scoring...
  10,000/100,000 (13167 cand/sec)
  20,000/100,000 (13191 cand/sec)
  30,000/100,000 (13181 cand/sec)
  40,000/100,000 (13165 cand/sec)
  50,000/100,000 (13180 cand/sec)
  60,000/100,000 (13186 cand/sec)
  70,000/100,000 (13192 cand/sec)
  80,000/100,000 (13199 cand/sec)
  90,000/100,000 (13204 cand/sec)
  100,000/100,000 (13204 cand/sec)
Scored 100,000 in 7.57s

================================================================================
RESULTS (±1% threshold)
================================================================================

Baseline (all 100K):
  Near p: 1.9990%
  Near q: 1.9990%

Top 10K Z5D-scored:
  Near p: 0.0000%
  Near q: 0.0000%

Enrichment:
  p: 0.00×
  q: 0.00×

Result: ✗ NO SIGNAL

================================================================================
SUMMARY
================================================================================

Test            p enrich     q enrich     Result
--------------------------------------------------------------------------------
RSA-100             0.00×     0.00× ✗ NO SIGNAL
RSA-110             0.00×     0.00× ✗ NO SIGNAL

Comparison to N₁₂₇:
  N₁₂₇: p=0.00×, q=10.00× (asymmetric success)

✗ No RSA challenges show strong q-enrichment
